<?xml version="1.0" encoding="UTF-8"?>
<testsuite xmlns:xsi="http://www.w3.org/2001/XMLSchema-instance" xsi:noNamespaceSchemaLocation="https://maven.apache.org/surefire/maven-surefire-plugin/xsd/surefire-test-report.xsd" version="3.0.2" name="com.example.FibTest" time="0.268" tests="7" errors="0" skipped="0" failures="0" flakes="0">
  <properties>
[...]
</properties>
  <testcase name="shouldReturnCorrectSequenceWhenRangeIs6" classname="com.example.FibTest" time="0.134"/>
  <testcase name="shouldReturnNonEmptyListWhenRangeIs1" classname="com.example.FibTest" time="0.005"/>
  <testcase name="shouldNotContain4WhenRangeIs6" classname="com.example.FibTest" time="0.005"/>
  <testcase name="shouldContain6ElementsWhenRangeIs6" classname="com.example.FibTest" time="0.003"/>
  <testcase name="shouldBeSortedAscendingWhenRangeIs6" classname="com.example.FibTest" time="0.005"/>
  <testcase name="shouldContain3WhenRangeIs6" classname="com.example.FibTest" time="0.004"/>
  <testcase name="shouldReturnListContainingZeroWhenRangeIs1" classname="com.example.FibTest" time="0.004"/>
</testsuite>